2025-07-05 15:04:08.591 INFO  [Eureka-EvictionTimer] c.n.e.r.AbstractInstanceRegistry[1250] - Running the evict task with compensationTime 76715604ms
2025-07-05 15:05:08.595 INFO  [Eureka-EvictionTimer] c.n.e.r.AbstractInstanceRegistry[1250] - Running the evict task with compensationTime 4ms
2025-07-05 15:06:08.175 WARN  [Eureka-PeerNodesUpdater] c.n.eureka.cluster.PeerEurekaNodes[155] - The replica size seems to be empty. Check the route 53 DNS Registry
2025-07-05 15:06:08.607 INFO  [Eureka-EvictionTimer] c.n.e.r.AbstractInstanceRegistry[1250] - Running the evict task with compensationTime 11ms
2025-07-05 15:07:08.613 INFO  [Eureka-EvictionTimer] c.n.e.r.AbstractInstanceRegistry[1250] - Running the evict task with compensationTime 5ms
2025-07-05 15:08:08.621 INFO  [Eureka-EvictionTimer] c.n.e.r.AbstractInstanceRegistry[1250] - Running the evict task with compensationTime 8ms
2025-07-05 15:08:43.972 INFO  [Thread-13] o.s.c.n.e.s.EurekaServiceRegistry[65] - Unregistering application COLD-EUREKA-SERVER with eureka with status DOWN
2025-07-05 15:08:43.974 INFO  [Thread-13] c.n.e.DefaultEurekaServerContext[76] - Shutting down ...
2025-07-05 15:08:43.977 INFO  [Thread-13] c.n.e.DefaultEurekaServerContext[79] - Shut down
2025-07-05 15:08:43.980 INFO  [Thread-13] o.s.s.c.ThreadPoolTaskExecutor[208] - Shutting down ExecutorService 'applicationTaskExecutor'
2025-07-05 15:08:43.982 INFO  [Thread-13] c.netflix.discovery.DiscoveryClient[906] - Shutting down DiscoveryClient ...
2025-07-05 15:08:43.983 INFO  [Thread-13] c.netflix.discovery.DiscoveryClient[929] - Completed shut down of DiscoveryClient
2025-07-05 15:08:47.458 INFO  [main] o.s.c.s.PostProcessorRegistrationDelegate$BeanPostProcessorChecker[330] - Bean 'org.springframework.cloud.autoconfigure.ConfigurationPropertiesRebinderAutoConfiguration' of type [org.springframework.cloud.autoconfigure.ConfigurationPropertiesRebinderAutoConfiguration$$EnhancerBySpringCGLIB$$fda864ab] is not eligible for getting processed by all BeanPostProcessors (for example: not eligible for auto-proxying)
2025-07-05 15:08:47.671 INFO  [main] c.i.cold.eureka.EurekaApplication[648] - No active profile set, falling back to default profiles: default
2025-07-05 15:08:48.064 WARN  [main] o.s.boot.actuate.endpoint.EndpointId[131] - Endpoint ID 'service-registry' contains invalid characters, please migrate to a valid format.
2025-07-05 15:08:48.243 INFO  [main] o.s.cloud.context.scope.GenericScope[295] - BeanFactory id=89942855-f589-30ce-8f54-b54acfb2f90b
2025-07-05 15:08:48.314 INFO  [main] o.s.c.s.PostProcessorRegistrationDelegate$BeanPostProcessorChecker[330] - Bean 'org.springframework.cloud.autoconfigure.ConfigurationPropertiesRebinderAutoConfiguration' of type [org.springframework.cloud.autoconfigure.ConfigurationPropertiesRebinderAutoConfiguration$$EnhancerBySpringCGLIB$$fda864ab] is not eligible for getting processed by all BeanPostProcessors (for example: not eligible for auto-proxying)
2025-07-05 15:08:48.646 INFO  [main] o.s.b.w.e.tomcat.TomcatWebServer[90] - Tomcat initialized with port(s): 8001 (http)
2025-07-05 15:08:48.669 INFO  [main] o.a.catalina.core.StandardService[173] - Starting service [Tomcat]
2025-07-05 15:08:48.669 INFO  [main] o.a.catalina.core.StandardEngine[173] - Starting Servlet engine: [Apache Tomcat/9.0.24]
2025-07-05 15:08:48.774 INFO  [main] o.a.c.c.C.[Tomcat].[localhost].[/][173] - Initializing Spring embedded WebApplicationContext
2025-07-05 15:08:48.774 INFO  [main] o.s.web.context.ContextLoader[284] - Root WebApplicationContext: initialization completed in 1097 ms
2025-07-05 15:08:48.834 WARN  [main] c.n.c.sources.URLConfigurationSource[121] - No URLs will be polled as dynamic configuration sources.
2025-07-05 15:08:48.835 INFO  [main] c.n.c.sources.URLConfigurationSource[122] - To enable URLs as dynamic configuration sources, define System property archaius.configurationSource.additionalUrls or make config.properties available on classpath.
2025-07-05 15:08:48.845 INFO  [main] c.n.config.DynamicPropertyFactory[281] - DynamicPropertyFactory is initialized with configuration sources: com.netflix.config.ConcurrentCompositeConfiguration@17273273
2025-07-05 15:08:49.380 INFO  [main] c.s.j.s.i.a.WebApplicationImpl[815] - Initiating Jersey application, version 'Jersey: 1.19.1 03/11/2016 02:08 PM'
2025-07-05 15:08:49.414 INFO  [main] c.n.d.p.DiscoveryJerseyProvider[70] - Using JSON encoding codec LegacyJacksonJson
2025-07-05 15:08:49.415 INFO  [main] c.n.d.p.DiscoveryJerseyProvider[71] - Using JSON decoding codec LegacyJacksonJson
2025-07-05 15:08:49.500 INFO  [main] c.n.d.p.DiscoveryJerseyProvider[80] - Using XML encoding codec XStreamXml
2025-07-05 15:08:49.500 INFO  [main] c.n.d.p.DiscoveryJerseyProvider[81] - Using XML decoding codec XStreamXml
2025-07-05 15:08:49.730 WARN  [main] c.n.c.sources.URLConfigurationSource[121] - No URLs will be polled as dynamic configuration sources.
2025-07-05 15:08:49.730 INFO  [main] c.n.c.sources.URLConfigurationSource[122] - To enable URLs as dynamic configuration sources, define System property archaius.configurationSource.additionalUrls or make config.properties available on classpath.
2025-07-05 15:08:49.877 INFO  [main] o.s.s.c.ThreadPoolTaskExecutor[171] - Initializing ExecutorService 'applicationTaskExecutor'
2025-07-05 15:08:50.422 INFO  [main] o.s.c.n.eureka.InstanceInfoFactory[72] - Setting initial instance status as: STARTING
2025-07-05 15:08:50.453 INFO  [main] c.netflix.discovery.DiscoveryClient[365] - Initializing Eureka in region us-east-1
2025-07-05 15:08:50.453 INFO  [main] c.netflix.discovery.DiscoveryClient[368] - Client configured to neither register nor query for data.
2025-07-05 15:08:50.465 INFO  [main] c.netflix.discovery.DiscoveryClient[381] - Discovery Client initialized at timestamp 1751699330463 with initial instances count: 0
2025-07-05 15:08:50.494 INFO  [main] c.n.e.DefaultEurekaServerContext[63] - Initializing ...
2025-07-05 15:08:50.496 WARN  [main] c.n.eureka.cluster.PeerEurekaNodes[155] - The replica size seems to be empty. Check the route 53 DNS Registry
2025-07-05 15:08:50.509 INFO  [main] c.n.e.r.AbstractInstanceRegistry[151] - Finished initializing remote region registries. All known remote regions: []
2025-07-05 15:08:50.509 INFO  [main] c.n.e.DefaultEurekaServerContext[70] - Initialized
2025-07-05 15:08:50.516 INFO  [main] o.s.b.a.e.web.EndpointLinksResolver[58] - Exposing 2 endpoint(s) beneath base path '/actuator'
2025-07-05 15:08:50.575 INFO  [main] o.s.c.n.e.s.EurekaServiceRegistry[41] - Registering application COLD-EUREKA-SERVER with eureka with status UP
2025-07-05 15:08:50.578 INFO  [Thread-11] o.s.c.n.e.s.EurekaServerBootstrap[110] - Setting the eureka configuration..
2025-07-05 15:08:50.578 INFO  [Thread-11] o.s.c.n.e.s.EurekaServerBootstrap[115] - Eureka data center value eureka.datacenter is not set, defaulting to default
2025-07-05 15:08:50.579 INFO  [Thread-11] o.s.c.n.e.s.EurekaServerBootstrap[129] - Eureka environment value eureka.environment is not set, defaulting to test
2025-07-05 15:08:50.590 INFO  [Thread-11] o.s.c.n.e.s.EurekaServerBootstrap[188] - isAws returned false
2025-07-05 15:08:50.591 INFO  [Thread-11] o.s.c.n.e.s.EurekaServerBootstrap[153] - Initialized server context
2025-07-05 15:08:50.591 INFO  [Thread-11] c.n.e.r.PeerAwareInstanceRegistryImpl[241] - Got 1 instances from neighboring DS node
2025-07-05 15:08:50.591 INFO  [Thread-11] c.n.e.r.PeerAwareInstanceRegistryImpl[242] - Renew threshold is: 1
2025-07-05 15:08:50.592 INFO  [Thread-11] c.n.e.r.PeerAwareInstanceRegistryImpl[253] - Changing status to UP
2025-07-05 15:08:50.600 INFO  [Thread-11] o.s.c.n.e.s.EurekaServerInitializerConfiguration[74] - Started Eureka Server
2025-07-05 15:08:50.620 INFO  [main] o.s.b.w.e.tomcat.TomcatWebServer[202] - Tomcat started on port(s): 8001 (http) with context path ''
2025-07-05 15:08:50.621 INFO  [main] o.s.c.n.e.s.EurekaAutoServiceRegistration[145] - Updating port to 8001
2025-07-05 15:08:50.623 INFO  [main] c.i.cold.eureka.EurekaApplication[59] - Started EurekaApplication in 3.877 seconds (JVM running for 4.215)
2025-07-05 15:09:09.308 INFO  [Thread-13] o.s.c.n.e.s.EurekaServiceRegistry[65] - Unregistering application COLD-EUREKA-SERVER with eureka with status DOWN
2025-07-05 15:09:09.310 INFO  [Thread-13] c.n.e.DefaultEurekaServerContext[76] - Shutting down ...
2025-07-05 15:09:09.311 INFO  [Thread-13] c.n.e.DefaultEurekaServerContext[79] - Shut down
2025-07-05 15:09:09.312 INFO  [Thread-13] o.s.s.c.ThreadPoolTaskExecutor[208] - Shutting down ExecutorService 'applicationTaskExecutor'
2025-07-05 15:09:09.314 INFO  [Thread-13] c.netflix.discovery.DiscoveryClient[906] - Shutting down DiscoveryClient ...
2025-07-05 15:09:09.315 INFO  [Thread-13] c.netflix.discovery.DiscoveryClient[929] - Completed shut down of DiscoveryClient
2025-07-05 15:09:11.766 INFO  [main] o.s.c.s.PostProcessorRegistrationDelegate$BeanPostProcessorChecker[330] - Bean 'org.springframework.cloud.autoconfigure.ConfigurationPropertiesRebinderAutoConfiguration' of type [org.springframework.cloud.autoconfigure.ConfigurationPropertiesRebinderAutoConfiguration$$EnhancerBySpringCGLIB$$a1fb1e6c] is not eligible for getting processed by all BeanPostProcessors (for example: not eligible for auto-proxying)
2025-07-05 15:09:11.987 INFO  [main] c.i.cold.eureka.EurekaApplication[648] - No active profile set, falling back to default profiles: default
2025-07-05 15:09:12.393 WARN  [main] o.s.boot.actuate.endpoint.EndpointId[131] - Endpoint ID 'service-registry' contains invalid characters, please migrate to a valid format.
2025-07-05 15:09:12.535 INFO  [main] o.s.cloud.context.scope.GenericScope[295] - BeanFactory id=89942855-f589-30ce-8f54-b54acfb2f90b
2025-07-05 15:09:12.590 INFO  [main] o.s.c.s.PostProcessorRegistrationDelegate$BeanPostProcessorChecker[330] - Bean 'org.springframework.cloud.autoconfigure.ConfigurationPropertiesRebinderAutoConfiguration' of type [org.springframework.cloud.autoconfigure.ConfigurationPropertiesRebinderAutoConfiguration$$EnhancerBySpringCGLIB$$a1fb1e6c] is not eligible for getting processed by all BeanPostProcessors (for example: not eligible for auto-proxying)
2025-07-05 15:09:12.897 INFO  [main] o.s.b.w.e.tomcat.TomcatWebServer[90] - Tomcat initialized with port(s): 8001 (http)
2025-07-05 15:09:12.912 INFO  [main] o.a.catalina.core.StandardService[173] - Starting service [Tomcat]
2025-07-05 15:09:12.912 INFO  [main] o.a.catalina.core.StandardEngine[173] - Starting Servlet engine: [Apache Tomcat/9.0.24]
2025-07-05 15:09:13.014 INFO  [main] o.a.c.c.C.[Tomcat].[localhost].[/][173] - Initializing Spring embedded WebApplicationContext
2025-07-05 15:09:13.015 INFO  [main] o.s.web.context.ContextLoader[284] - Root WebApplicationContext: initialization completed in 1020 ms
2025-07-05 15:09:13.075 WARN  [main] c.n.c.sources.URLConfigurationSource[121] - No URLs will be polled as dynamic configuration sources.
2025-07-05 15:09:13.076 INFO  [main] c.n.c.sources.URLConfigurationSource[122] - To enable URLs as dynamic configuration sources, define System property archaius.configurationSource.additionalUrls or make config.properties available on classpath.
2025-07-05 15:09:13.084 INFO  [main] c.n.config.DynamicPropertyFactory[281] - DynamicPropertyFactory is initialized with configuration sources: com.netflix.config.ConcurrentCompositeConfiguration@79a04e5f
2025-07-05 15:09:13.561 INFO  [main] c.s.j.s.i.a.WebApplicationImpl[815] - Initiating Jersey application, version 'Jersey: 1.19.1 03/11/2016 02:08 PM'
2025-07-05 15:09:13.594 INFO  [main] c.n.d.p.DiscoveryJerseyProvider[70] - Using JSON encoding codec LegacyJacksonJson
2025-07-05 15:09:13.595 INFO  [main] c.n.d.p.DiscoveryJerseyProvider[71] - Using JSON decoding codec LegacyJacksonJson
2025-07-05 15:09:13.663 INFO  [main] c.n.d.p.DiscoveryJerseyProvider[80] - Using XML encoding codec XStreamXml
2025-07-05 15:09:13.663 INFO  [main] c.n.d.p.DiscoveryJerseyProvider[81] - Using XML decoding codec XStreamXml
2025-07-05 15:09:13.851 WARN  [main] c.n.c.sources.URLConfigurationSource[121] - No URLs will be polled as dynamic configuration sources.
2025-07-05 15:09:13.852 INFO  [main] c.n.c.sources.URLConfigurationSource[122] - To enable URLs as dynamic configuration sources, define System property archaius.configurationSource.additionalUrls or make config.properties available on classpath.
2025-07-05 15:09:13.993 INFO  [main] o.s.s.c.ThreadPoolTaskExecutor[171] - Initializing ExecutorService 'applicationTaskExecutor'
2025-07-05 15:09:14.572 INFO  [main] o.s.c.n.eureka.InstanceInfoFactory[72] - Setting initial instance status as: STARTING
2025-07-05 15:09:14.600 INFO  [main] c.netflix.discovery.DiscoveryClient[365] - Initializing Eureka in region us-east-1
2025-07-05 15:09:14.600 INFO  [main] c.netflix.discovery.DiscoveryClient[368] - Client configured to neither register nor query for data.
2025-07-05 15:09:14.606 INFO  [main] c.netflix.discovery.DiscoveryClient[381] - Discovery Client initialized at timestamp 1751699354605 with initial instances count: 0
2025-07-05 15:09:14.634 INFO  [main] c.n.e.DefaultEurekaServerContext[63] - Initializing ...
2025-07-05 15:09:14.636 WARN  [main] c.n.eureka.cluster.PeerEurekaNodes[155] - The replica size seems to be empty. Check the route 53 DNS Registry
2025-07-05 15:09:14.650 INFO  [main] c.n.e.r.AbstractInstanceRegistry[151] - Finished initializing remote region registries. All known remote regions: []
2025-07-05 15:09:14.651 INFO  [main] c.n.e.DefaultEurekaServerContext[70] - Initialized
2025-07-05 15:09:14.660 INFO  [main] o.s.b.a.e.web.EndpointLinksResolver[58] - Exposing 2 endpoint(s) beneath base path '/actuator'
2025-07-05 15:09:14.740 INFO  [main] o.s.c.n.e.s.EurekaServiceRegistry[41] - Registering application COLD-EUREKA-SERVER with eureka with status UP
2025-07-05 15:09:14.744 INFO  [Thread-11] o.s.c.n.e.s.EurekaServerBootstrap[110] - Setting the eureka configuration..
2025-07-05 15:09:14.744 INFO  [Thread-11] o.s.c.n.e.s.EurekaServerBootstrap[115] - Eureka data center value eureka.datacenter is not set, defaulting to default
2025-07-05 15:09:14.746 INFO  [Thread-11] o.s.c.n.e.s.EurekaServerBootstrap[129] - Eureka environment value eureka.environment is not set, defaulting to test
2025-07-05 15:09:14.757 INFO  [Thread-11] o.s.c.n.e.s.EurekaServerBootstrap[188] - isAws returned false
2025-07-05 15:09:14.758 INFO  [Thread-11] o.s.c.n.e.s.EurekaServerBootstrap[153] - Initialized server context
2025-07-05 15:09:14.758 INFO  [Thread-11] c.n.e.r.PeerAwareInstanceRegistryImpl[241] - Got 1 instances from neighboring DS node
2025-07-05 15:09:14.758 INFO  [Thread-11] c.n.e.r.PeerAwareInstanceRegistryImpl[242] - Renew threshold is: 1
2025-07-05 15:09:14.758 INFO  [Thread-11] c.n.e.r.PeerAwareInstanceRegistryImpl[253] - Changing status to UP
2025-07-05 15:09:14.767 INFO  [Thread-11] o.s.c.n.e.s.EurekaServerInitializerConfiguration[74] - Started Eureka Server
2025-07-05 15:09:14.788 INFO  [main] o.s.b.w.e.tomcat.TomcatWebServer[202] - Tomcat started on port(s): 8001 (http) with context path ''
2025-07-05 15:09:14.789 INFO  [main] o.s.c.n.e.s.EurekaAutoServiceRegistration[145] - Updating port to 8001
2025-07-05 15:09:14.791 INFO  [main] c.i.cold.eureka.EurekaApplication[59] - Started EurekaApplication in 3.684 seconds (JVM running for 4.019)
2025-07-05 15:10:14.766 INFO  [Eureka-EvictionTimer] c.n.e.r.AbstractInstanceRegistry[1250] - Running the evict task with compensationTime 0ms
2025-07-05 15:11:14.766 INFO  [Eureka-EvictionTimer] c.n.e.r.AbstractInstanceRegistry[1250] - Running the evict task with compensationTime 0ms
2025-07-05 15:12:14.780 INFO  [Eureka-EvictionTimer] c.n.e.r.AbstractInstanceRegistry[1250] - Running the evict task with compensationTime 14ms
2025-07-05 15:13:14.784 INFO  [Eureka-EvictionTimer] c.n.e.r.AbstractInstanceRegistry[1250] - Running the evict task with compensationTime 3ms
2025-07-05 15:14:14.798 INFO  [Eureka-EvictionTimer] c.n.e.r.AbstractInstanceRegistry[1250] - Running the evict task with compensationTime 13ms
2025-07-05 15:15:14.803 INFO  [Eureka-EvictionTimer] c.n.e.r.AbstractInstanceRegistry[1250] - Running the evict task with compensationTime 4ms
2025-07-05 15:16:14.808 INFO  [Eureka-EvictionTimer] c.n.e.r.AbstractInstanceRegistry[1250] - Running the evict task with compensationTime 5ms
2025-07-05 15:16:34.197 INFO  [Thread-13] o.s.c.n.e.s.EurekaServiceRegistry[65] - Unregistering application COLD-EUREKA-SERVER with eureka with status DOWN
2025-07-05 15:16:34.199 INFO  [Thread-13] c.n.e.DefaultEurekaServerContext[76] - Shutting down ...
2025-07-05 15:16:34.200 INFO  [Thread-13] c.n.e.DefaultEurekaServerContext[79] - Shut down
2025-07-05 15:16:34.202 INFO  [Thread-13] o.s.s.c.ThreadPoolTaskExecutor[208] - Shutting down ExecutorService 'applicationTaskExecutor'
2025-07-05 15:16:34.204 INFO  [Thread-13] c.netflix.discovery.DiscoveryClient[906] - Shutting down DiscoveryClient ...
2025-07-05 15:16:34.204 INFO  [Thread-13] c.netflix.discovery.DiscoveryClient[929] - Completed shut down of DiscoveryClient
2025-07-05 15:16:38.374 INFO  [main] o.s.c.s.PostProcessorRegistrationDelegate$BeanPostProcessorChecker[330] - Bean 'org.springframework.cloud.autoconfigure.ConfigurationPropertiesRebinderAutoConfiguration' of type [org.springframework.cloud.autoconfigure.ConfigurationPropertiesRebinderAutoConfiguration$$EnhancerBySpringCGLIB$$b46fac46] is not eligible for getting processed by all BeanPostProcessors (for example: not eligible for auto-proxying)
2025-07-05 15:16:38.604 INFO  [main] c.i.cold.eureka.EurekaApplication[648] - No active profile set, falling back to default profiles: default
2025-07-05 15:16:38.963 WARN  [main] o.s.boot.actuate.endpoint.EndpointId[131] - Endpoint ID 'service-registry' contains invalid characters, please migrate to a valid format.
2025-07-05 15:16:39.113 INFO  [main] o.s.cloud.context.scope.GenericScope[295] - BeanFactory id=89942855-f589-30ce-8f54-b54acfb2f90b
2025-07-05 15:16:39.167 INFO  [main] o.s.c.s.PostProcessorRegistrationDelegate$BeanPostProcessorChecker[330] - Bean 'org.springframework.cloud.autoconfigure.ConfigurationPropertiesRebinderAutoConfiguration' of type [org.springframework.cloud.autoconfigure.ConfigurationPropertiesRebinderAutoConfiguration$$EnhancerBySpringCGLIB$$b46fac46] is not eligible for getting processed by all BeanPostProcessors (for example: not eligible for auto-proxying)
2025-07-05 15:16:39.477 INFO  [main] o.s.b.w.e.tomcat.TomcatWebServer[90] - Tomcat initialized with port(s): 8001 (http)
2025-07-05 15:16:39.492 INFO  [main] o.a.catalina.core.StandardService[173] - Starting service [Tomcat]
2025-07-05 15:16:39.492 INFO  [main] o.a.catalina.core.StandardEngine[173] - Starting Servlet engine: [Apache Tomcat/9.0.24]
2025-07-05 15:16:39.599 INFO  [main] o.a.c.c.C.[Tomcat].[localhost].[/][173] - Initializing Spring embedded WebApplicationContext
2025-07-05 15:16:39.599 INFO  [main] o.s.web.context.ContextLoader[284] - Root WebApplicationContext: initialization completed in 986 ms
2025-07-05 15:16:39.666 WARN  [main] c.n.c.sources.URLConfigurationSource[121] - No URLs will be polled as dynamic configuration sources.
2025-07-05 15:16:39.666 INFO  [main] c.n.c.sources.URLConfigurationSource[122] - To enable URLs as dynamic configuration sources, define System property archaius.configurationSource.additionalUrls or make config.properties available on classpath.
2025-07-05 15:16:39.676 INFO  [main] c.n.config.DynamicPropertyFactory[281] - DynamicPropertyFactory is initialized with configuration sources: com.netflix.config.ConcurrentCompositeConfiguration@1de9b505
2025-07-05 15:16:40.192 INFO  [main] c.s.j.s.i.a.WebApplicationImpl[815] - Initiating Jersey application, version 'Jersey: 1.19.1 03/11/2016 02:08 PM'
2025-07-05 15:16:40.234 INFO  [main] c.n.d.p.DiscoveryJerseyProvider[70] - Using JSON encoding codec LegacyJacksonJson
2025-07-05 15:16:40.235 INFO  [main] c.n.d.p.DiscoveryJerseyProvider[71] - Using JSON decoding codec LegacyJacksonJson
2025-07-05 15:16:40.308 INFO  [main] c.n.d.p.DiscoveryJerseyProvider[80] - Using XML encoding codec XStreamXml
2025-07-05 15:16:40.309 INFO  [main] c.n.d.p.DiscoveryJerseyProvider[81] - Using XML decoding codec XStreamXml
2025-07-05 15:16:40.509 WARN  [main] c.n.c.sources.URLConfigurationSource[121] - No URLs will be polled as dynamic configuration sources.
2025-07-05 15:16:40.509 INFO  [main] c.n.c.sources.URLConfigurationSource[122] - To enable URLs as dynamic configuration sources, define System property archaius.configurationSource.additionalUrls or make config.properties available on classpath.
2025-07-05 15:16:40.639 INFO  [main] o.s.s.c.ThreadPoolTaskExecutor[171] - Initializing ExecutorService 'applicationTaskExecutor'
2025-07-05 15:16:41.160 INFO  [main] o.s.c.n.eureka.InstanceInfoFactory[72] - Setting initial instance status as: STARTING
2025-07-05 15:16:41.203 INFO  [main] c.netflix.discovery.DiscoveryClient[365] - Initializing Eureka in region us-east-1
2025-07-05 15:16:41.203 INFO  [main] c.netflix.discovery.DiscoveryClient[368] - Client configured to neither register nor query for data.
2025-07-05 15:16:41.212 INFO  [main] c.netflix.discovery.DiscoveryClient[381] - Discovery Client initialized at timestamp 1751699801211 with initial instances count: 0
2025-07-05 15:16:41.245 INFO  [main] c.n.e.DefaultEurekaServerContext[63] - Initializing ...
2025-07-05 15:16:41.248 WARN  [main] c.n.eureka.cluster.PeerEurekaNodes[155] - The replica size seems to be empty. Check the route 53 DNS Registry
2025-07-05 15:16:41.263 INFO  [main] c.n.e.r.AbstractInstanceRegistry[151] - Finished initializing remote region registries. All known remote regions: []
2025-07-05 15:16:41.264 INFO  [main] c.n.e.DefaultEurekaServerContext[70] - Initialized
2025-07-05 15:16:41.271 INFO  [main] o.s.b.a.e.web.EndpointLinksResolver[58] - Exposing 2 endpoint(s) beneath base path '/actuator'
2025-07-05 15:16:41.331 INFO  [main] o.s.c.n.e.s.EurekaServiceRegistry[41] - Registering application COLD-EUREKA-SERVER with eureka with status UP
2025-07-05 15:16:41.332 INFO  [Thread-11] o.s.c.n.e.s.EurekaServerBootstrap[110] - Setting the eureka configuration..
2025-07-05 15:16:41.334 INFO  [Thread-11] o.s.c.n.e.s.EurekaServerBootstrap[115] - Eureka data center value eureka.datacenter is not set, defaulting to default
2025-07-05 15:16:41.334 INFO  [Thread-11] o.s.c.n.e.s.EurekaServerBootstrap[129] - Eureka environment value eureka.environment is not set, defaulting to test
2025-07-05 15:16:41.342 INFO  [Thread-11] o.s.c.n.e.s.EurekaServerBootstrap[188] - isAws returned false
2025-07-05 15:16:41.343 INFO  [Thread-11] o.s.c.n.e.s.EurekaServerBootstrap[153] - Initialized server context
2025-07-05 15:16:41.343 INFO  [Thread-11] c.n.e.r.PeerAwareInstanceRegistryImpl[241] - Got 1 instances from neighboring DS node
2025-07-05 15:16:41.343 INFO  [Thread-11] c.n.e.r.PeerAwareInstanceRegistryImpl[242] - Renew threshold is: 1
2025-07-05 15:16:41.343 INFO  [Thread-11] c.n.e.r.PeerAwareInstanceRegistryImpl[253] - Changing status to UP
2025-07-05 15:16:41.351 INFO  [Thread-11] o.s.c.n.e.s.EurekaServerInitializerConfiguration[74] - Started Eureka Server
2025-07-05 15:16:41.361 INFO  [main] o.s.b.w.e.tomcat.TomcatWebServer[202] - Tomcat started on port(s): 8001 (http) with context path ''
2025-07-05 15:16:41.362 INFO  [main] o.s.c.n.e.s.EurekaAutoServiceRegistration[145] - Updating port to 8001
2025-07-05 15:16:41.365 INFO  [main] c.i.cold.eureka.EurekaApplication[59] - Started EurekaApplication in 3.657 seconds (JVM running for 4.016)
2025-07-05 15:17:41.359 INFO  [Eureka-EvictionTimer] c.n.e.r.AbstractInstanceRegistry[1250] - Running the evict task with compensationTime 0ms
2025-07-05 15:18:41.366 INFO  [Eureka-EvictionTimer] c.n.e.r.AbstractInstanceRegistry[1250] - Running the evict task with compensationTime 7ms
2025-07-05 15:19:41.367 INFO  [Eureka-EvictionTimer] c.n.e.r.AbstractInstanceRegistry[1250] - Running the evict task with compensationTime 0ms
2025-07-05 15:20:41.369 INFO  [Eureka-EvictionTimer] c.n.e.r.AbstractInstanceRegistry[1250] - Running the evict task with compensationTime 2ms
2025-07-05 15:21:17.709 INFO  [http-nio-8001-exec-1] o.a.c.c.C.[Tomcat].[localhost].[/][173] - Initializing Spring DispatcherServlet 'dispatcherServlet'
2025-07-05 15:21:17.709 INFO  [http-nio-8001-exec-1] o.s.web.servlet.DispatcherServlet[524] - Initializing Servlet 'dispatcherServlet'
2025-07-05 15:21:17.713 INFO  [http-nio-8001-exec-1] o.s.web.servlet.DispatcherServlet[546] - Completed initialization in 4 ms
2025-07-05 15:21:17.890 INFO  [http-nio-8001-exec-2] c.n.e.r.AbstractInstanceRegistry[266] - Registered instance COLD-USER/DESKTOP-THE2ARB:cold-user:8185 with status UP (replication=false)
2025-07-05 15:21:41.373 INFO  [Eureka-EvictionTimer] c.n.e.r.AbstractInstanceRegistry[1250] - Running the evict task with compensationTime 4ms
2025-07-05 15:22:41.387 INFO  [Eureka-EvictionTimer] c.n.e.r.AbstractInstanceRegistry[1250] - Running the evict task with compensationTime 13ms
2025-07-05 15:23:41.394 INFO  [Eureka-EvictionTimer] c.n.e.r.AbstractInstanceRegistry[1250] - Running the evict task with compensationTime 7ms
2025-07-05 15:24:41.397 INFO  [Eureka-EvictionTimer] c.n.e.r.AbstractInstanceRegistry[1250] - Running the evict task with compensationTime 2ms
2025-07-05 15:25:41.407 INFO  [Eureka-EvictionTimer] c.n.e.r.AbstractInstanceRegistry[1250] - Running the evict task with compensationTime 9ms
2025-07-05 15:26:41.249 WARN  [Eureka-PeerNodesUpdater] c.n.eureka.cluster.PeerEurekaNodes[155] - The replica size seems to be empty. Check the route 53 DNS Registry
2025-07-05 15:26:41.419 INFO  [Eureka-EvictionTimer] c.n.e.r.AbstractInstanceRegistry[1250] - Running the evict task with compensationTime 11ms
2025-07-05 15:27:41.421 INFO  [Eureka-EvictionTimer] c.n.e.r.AbstractInstanceRegistry[1250] - Running the evict task with compensationTime 2ms
2025-07-05 15:28:41.432 INFO  [Eureka-EvictionTimer] c.n.e.r.AbstractInstanceRegistry[1250] - Running the evict task with compensationTime 11ms
2025-07-05 15:29:41.440 INFO  [Eureka-EvictionTimer] c.n.e.r.AbstractInstanceRegistry[1250] - Running the evict task with compensationTime 8ms
2025-07-05 15:30:41.443 INFO  [Eureka-EvictionTimer] c.n.e.r.AbstractInstanceRegistry[1250] - Running the evict task with compensationTime 2ms
2025-07-05 15:31:41.265 INFO  [ReplicaAwareInstanceRegistry - RenewalThresholdUpdater] c.n.e.r.PeerAwareInstanceRegistryImpl[539] - Current renewal threshold is : 3
2025-07-05 15:31:41.451 INFO  [Eureka-EvictionTimer] c.n.e.r.AbstractInstanceRegistry[1250] - Running the evict task with compensationTime 8ms
2025-07-05 15:32:41.462 INFO  [Eureka-EvictionTimer] c.n.e.r.AbstractInstanceRegistry[1250] - Running the evict task with compensationTime 11ms
2025-07-05 15:33:41.473 INFO  [Eureka-EvictionTimer] c.n.e.r.AbstractInstanceRegistry[1250] - Running the evict task with compensationTime 10ms
2025-07-05 15:34:41.478 INFO  [Eureka-EvictionTimer] c.n.e.r.AbstractInstanceRegistry[1250] - Running the evict task with compensationTime 5ms
2025-07-05 15:35:41.481 INFO  [Eureka-EvictionTimer] c.n.e.r.AbstractInstanceRegistry[1250] - Running the evict task with compensationTime 3ms
2025-07-05 15:36:41.255 WARN  [Eureka-PeerNodesUpdater] c.n.eureka.cluster.PeerEurekaNodes[155] - The replica size seems to be empty. Check the route 53 DNS Registry
2025-07-05 15:36:41.484 INFO  [Eureka-EvictionTimer] c.n.e.r.AbstractInstanceRegistry[1250] - Running the evict task with compensationTime 2ms
2025-07-05 15:37:41.493 INFO  [Eureka-EvictionTimer] c.n.e.r.AbstractInstanceRegistry[1250] - Running the evict task with compensationTime 9ms
2025-07-05 15:38:41.508 INFO  [Eureka-EvictionTimer] c.n.e.r.AbstractInstanceRegistry[1250] - Running the evict task with compensationTime 14ms
2025-07-05 15:39:41.521 INFO  [Eureka-EvictionTimer] c.n.e.r.AbstractInstanceRegistry[1250] - Running the evict task with compensationTime 12ms
2025-07-05 15:40:41.526 INFO  [Eureka-EvictionTimer] c.n.e.r.AbstractInstanceRegistry[1250] - Running the evict task with compensationTime 5ms
2025-07-05 15:41:41.538 INFO  [Eureka-EvictionTimer] c.n.e.r.AbstractInstanceRegistry[1250] - Running the evict task with compensationTime 12ms
2025-07-05 15:42:41.538 INFO  [Eureka-EvictionTimer] c.n.e.r.AbstractInstanceRegistry[1250] - Running the evict task with compensationTime 0ms
2025-07-05 15:43:41.550 INFO  [Eureka-EvictionTimer] c.n.e.r.AbstractInstanceRegistry[1250] - Running the evict task with compensationTime 11ms
2025-07-05 15:44:41.559 INFO  [Eureka-EvictionTimer] c.n.e.r.AbstractInstanceRegistry[1250] - Running the evict task with compensationTime 9ms
2025-07-05 15:45:41.570 INFO  [Eureka-EvictionTimer] c.n.e.r.AbstractInstanceRegistry[1250] - Running the evict task with compensationTime 11ms
2025-07-05 15:46:41.269 INFO  [ReplicaAwareInstanceRegistry - RenewalThresholdUpdater] c.n.e.r.PeerAwareInstanceRegistryImpl[539] - Current renewal threshold is : 3
2025-07-05 15:46:41.269 WARN  [Eureka-PeerNodesUpdater] c.n.eureka.cluster.PeerEurekaNodes[155] - The replica size seems to be empty. Check the route 53 DNS Registry
2025-07-05 15:46:41.577 INFO  [Eureka-EvictionTimer] c.n.e.r.AbstractInstanceRegistry[1250] - Running the evict task with compensationTime 6ms
2025-07-05 15:47:41.587 INFO  [Eureka-EvictionTimer] c.n.e.r.AbstractInstanceRegistry[1250] - Running the evict task with compensationTime 10ms
2025-07-05 15:48:41.595 INFO  [Eureka-EvictionTimer] c.n.e.r.AbstractInstanceRegistry[1250] - Running the evict task with compensationTime 7ms
2025-07-05 15:49:41.607 INFO  [Eureka-EvictionTimer] c.n.e.r.AbstractInstanceRegistry[1250] - Running the evict task with compensationTime 12ms
2025-07-05 15:50:41.608 INFO  [Eureka-EvictionTimer] c.n.e.r.AbstractInstanceRegistry[1250] - Running the evict task with compensationTime 0ms
2025-07-05 15:51:41.617 INFO  [Eureka-EvictionTimer] c.n.e.r.AbstractInstanceRegistry[1250] - Running the evict task with compensationTime 8ms
2025-07-05 15:52:41.623 INFO  [Eureka-EvictionTimer] c.n.e.r.AbstractInstanceRegistry[1250] - Running the evict task with compensationTime 6ms
2025-07-05 15:53:41.632 INFO  [Eureka-EvictionTimer] c.n.e.r.AbstractInstanceRegistry[1250] - Running the evict task with compensationTime 8ms
2025-07-05 15:54:41.635 INFO  [Eureka-EvictionTimer] c.n.e.r.AbstractInstanceRegistry[1250] - Running the evict task with compensationTime 3ms
2025-07-05 15:55:41.644 INFO  [Eureka-EvictionTimer] c.n.e.r.AbstractInstanceRegistry[1250] - Running the evict task with compensationTime 9ms
2025-07-05 15:56:41.279 WARN  [Eureka-PeerNodesUpdater] c.n.eureka.cluster.PeerEurekaNodes[155] - The replica size seems to be empty. Check the route 53 DNS Registry
2025-07-05 15:56:41.652 INFO  [Eureka-EvictionTimer] c.n.e.r.AbstractInstanceRegistry[1250] - Running the evict task with compensationTime 7ms
2025-07-05 15:57:41.661 INFO  [Eureka-EvictionTimer] c.n.e.r.AbstractInstanceRegistry[1250] - Running the evict task with compensationTime 9ms
2025-07-05 15:58:41.663 INFO  [Eureka-EvictionTimer] c.n.e.r.AbstractInstanceRegistry[1250] - Running the evict task with compensationTime 2ms
2025-07-05 15:59:41.670 INFO  [Eureka-EvictionTimer] c.n.e.r.AbstractInstanceRegistry[1250] - Running the evict task with compensationTime 6ms
2025-07-05 16:00:41.675 INFO  [Eureka-EvictionTimer] c.n.e.r.AbstractInstanceRegistry[1250] - Running the evict task with compensationTime 5ms
2025-07-05 16:01:41.284 INFO  [ReplicaAwareInstanceRegistry - RenewalThresholdUpdater] c.n.e.r.PeerAwareInstanceRegistryImpl[539] - Current renewal threshold is : 3
2025-07-05 16:01:41.685 INFO  [Eureka-EvictionTimer] c.n.e.r.AbstractInstanceRegistry[1250] - Running the evict task with compensationTime 9ms
2025-07-05 16:02:41.697 INFO  [Eureka-EvictionTimer] c.n.e.r.AbstractInstanceRegistry[1250] - Running the evict task with compensationTime 12ms
2025-07-05 16:03:41.707 INFO  [Eureka-EvictionTimer] c.n.e.r.AbstractInstanceRegistry[1250] - Running the evict task with compensationTime 9ms
2025-07-05 16:03:54.108 INFO  [http-nio-8001-exec-3] c.n.e.r.AbstractInstanceRegistry[266] - Registered instance COLD-USER/DESKTOP-THE2ARB:cold-user:8185 with status DOWN (replication=false)
2025-07-05 16:03:57.151 INFO  [http-nio-8001-exec-2] c.n.e.r.AbstractInstanceRegistry[330] - Cancelled instance COLD-USER/DESKTOP-THE2ARB:cold-user:8185 (replication=false)
2025-07-05 16:04:08.874 INFO  [http-nio-8001-exec-6] c.n.e.r.AbstractInstanceRegistry[266] - Registered instance COLD-USER/DESKTOP-THE2ARB:cold-user:8185 with status UP (replication=false)
2025-07-05 16:04:41.718 INFO  [Eureka-EvictionTimer] c.n.e.r.AbstractInstanceRegistry[1250] - Running the evict task with compensationTime 11ms
2025-07-05 16:05:41.721 INFO  [Eureka-EvictionTimer] c.n.e.r.AbstractInstanceRegistry[1250] - Running the evict task with compensationTime 2ms
2025-07-05 16:06:41.281 WARN  [Eureka-PeerNodesUpdater] c.n.eureka.cluster.PeerEurekaNodes[155] - The replica size seems to be empty. Check the route 53 DNS Registry
2025-07-05 16:06:41.730 INFO  [Eureka-EvictionTimer] c.n.e.r.AbstractInstanceRegistry[1250] - Running the evict task with compensationTime 9ms
2025-07-05 16:07:41.737 INFO  [Eureka-EvictionTimer] c.n.e.r.AbstractInstanceRegistry[1250] - Running the evict task with compensationTime 7ms
2025-07-05 16:08:41.749 INFO  [Eureka-EvictionTimer] c.n.e.r.AbstractInstanceRegistry[1250] - Running the evict task with compensationTime 11ms
2025-07-05 16:09:41.753 INFO  [Eureka-EvictionTimer] c.n.e.r.AbstractInstanceRegistry[1250] - Running the evict task with compensationTime 4ms
2025-07-05 16:10:41.757 INFO  [Eureka-EvictionTimer] c.n.e.r.AbstractInstanceRegistry[1250] - Running the evict task with compensationTime 3ms
2025-07-05 16:11:41.768 INFO  [Eureka-EvictionTimer] c.n.e.r.AbstractInstanceRegistry[1250] - Running the evict task with compensationTime 11ms
2025-07-05 16:12:41.781 INFO  [Eureka-EvictionTimer] c.n.e.r.AbstractInstanceRegistry[1250] - Running the evict task with compensationTime 13ms
2025-07-05 16:13:41.792 INFO  [Eureka-EvictionTimer] c.n.e.r.AbstractInstanceRegistry[1250] - Running the evict task with compensationTime 11ms
2025-07-05 16:14:41.795 INFO  [Eureka-EvictionTimer] c.n.e.r.AbstractInstanceRegistry[1250] - Running the evict task with compensationTime 2ms
2025-07-05 16:15:41.805 INFO  [Eureka-EvictionTimer] c.n.e.r.AbstractInstanceRegistry[1250] - Running the evict task with compensationTime 10ms
2025-07-05 16:16:23.999 INFO  [http-nio-8001-exec-9] c.n.e.r.AbstractInstanceRegistry[266] - Registered instance COLD-USER/DESKTOP-THE2ARB:cold-user:8185 with status DOWN (replication=false)
2025-07-05 16:16:27.042 INFO  [http-nio-8001-exec-6] c.n.e.r.AbstractInstanceRegistry[330] - Cancelled instance COLD-USER/DESKTOP-THE2ARB:cold-user:8185 (replication=false)
2025-07-05 16:16:39.156 INFO  [http-nio-8001-exec-3] c.n.e.r.AbstractInstanceRegistry[266] - Registered instance COLD-USER/DESKTOP-THE2ARB:cold-user:8185 with status UP (replication=false)
2025-07-05 16:16:41.293 INFO  [ReplicaAwareInstanceRegistry - RenewalThresholdUpdater] c.n.e.r.PeerAwareInstanceRegistryImpl[539] - Current renewal threshold is : 3
2025-07-05 16:16:41.293 WARN  [Eureka-PeerNodesUpdater] c.n.eureka.cluster.PeerEurekaNodes[155] - The replica size seems to be empty. Check the route 53 DNS Registry
2025-07-05 16:16:41.805 INFO  [Eureka-EvictionTimer] c.n.e.r.AbstractInstanceRegistry[1250] - Running the evict task with compensationTime 0ms
2025-07-05 16:17:41.811 INFO  [Eureka-EvictionTimer] c.n.e.r.AbstractInstanceRegistry[1250] - Running the evict task with compensationTime 5ms
2025-07-05 16:17:46.920 INFO  [http-nio-8001-exec-7] c.n.e.r.AbstractInstanceRegistry[266] - Registered instance COLD-USER/DESKTOP-THE2ARB:cold-user:8185 with status DOWN (replication=false)
2025-07-05 16:17:49.944 INFO  [http-nio-8001-exec-9] c.n.e.r.AbstractInstanceRegistry[330] - Cancelled instance COLD-USER/DESKTOP-THE2ARB:cold-user:8185 (replication=false)
2025-07-05 16:17:58.337 INFO  [http-nio-8001-exec-1] c.n.e.r.AbstractInstanceRegistry[266] - Registered instance COLD-USER/DESKTOP-THE2ARB:cold-user:8185 with status UP (replication=false)
2025-07-05 16:18:41.812 INFO  [Eureka-EvictionTimer] c.n.e.r.AbstractInstanceRegistry[1250] - Running the evict task with compensationTime 1ms
2025-07-05 16:18:46.160 INFO  [http-nio-8001-exec-5] c.n.e.r.AbstractInstanceRegistry[266] - Registered instance COLD-USER/DESKTOP-THE2ARB:cold-user:8185 with status DOWN (replication=false)
2025-07-05 16:18:49.189 INFO  [http-nio-8001-exec-4] c.n.e.r.AbstractInstanceRegistry[330] - Cancelled instance COLD-USER/DESKTOP-THE2ARB:cold-user:8185 (replication=false)
2025-07-05 16:18:56.838 INFO  [http-nio-8001-exec-8] c.n.e.r.AbstractInstanceRegistry[266] - Registered instance COLD-USER/DESKTOP-THE2ARB:cold-user:8185 with status UP (replication=false)
2025-07-05 16:19:41.814 INFO  [Eureka-EvictionTimer] c.n.e.r.AbstractInstanceRegistry[1250] - Running the evict task with compensationTime 1ms
2025-07-05 16:20:41.827 INFO  [Eureka-EvictionTimer] c.n.e.r.AbstractInstanceRegistry[1250] - Running the evict task with compensationTime 13ms
2025-07-05 16:21:41.835 INFO  [Eureka-EvictionTimer] c.n.e.r.AbstractInstanceRegistry[1250] - Running the evict task with compensationTime 8ms
2025-07-05 16:22:41.846 INFO  [Eureka-EvictionTimer] c.n.e.r.AbstractInstanceRegistry[1250] - Running the evict task with compensationTime 10ms
2025-07-05 16:23:41.849 INFO  [Eureka-EvictionTimer] c.n.e.r.AbstractInstanceRegistry[1250] - Running the evict task with compensationTime 2ms
2025-07-05 16:24:38.306 INFO  [http-nio-8001-exec-2] c.n.e.r.AbstractInstanceRegistry[266] - Registered instance COLD-USER/DESKTOP-THE2ARB:cold-user:8185 with status DOWN (replication=false)
2025-07-05 16:24:41.333 INFO  [http-nio-8001-exec-3] c.n.e.r.AbstractInstanceRegistry[330] - Cancelled instance COLD-USER/DESKTOP-THE2ARB:cold-user:8185 (replication=false)
2025-07-05 16:24:41.864 INFO  [Eureka-EvictionTimer] c.n.e.r.AbstractInstanceRegistry[1250] - Running the evict task with compensationTime 15ms
2025-07-05 16:24:49.936 INFO  [http-nio-8001-exec-7] c.n.e.r.AbstractInstanceRegistry[266] - Registered instance COLD-USER/DESKTOP-THE2ARB:cold-user:8185 with status UP (replication=false)
2025-07-05 16:25:41.872 INFO  [Eureka-EvictionTimer] c.n.e.r.AbstractInstanceRegistry[1250] - Running the evict task with compensationTime 8ms
2025-07-05 16:26:17.862 INFO  [http-nio-8001-exec-2] c.n.e.r.AbstractInstanceRegistry[266] - Registered instance COLD-USER/DESKTOP-THE2ARB:cold-user:8185 with status DOWN (replication=false)
2025-07-05 16:26:20.895 INFO  [http-nio-8001-exec-4] c.n.e.r.AbstractInstanceRegistry[330] - Cancelled instance COLD-USER/DESKTOP-THE2ARB:cold-user:8185 (replication=false)
2025-07-05 16:26:30.817 INFO  [http-nio-8001-exec-6] c.n.e.r.AbstractInstanceRegistry[266] - Registered instance COLD-USER/DESKTOP-THE2ARB:cold-user:8185 with status UP (replication=false)
2025-07-05 16:26:41.296 WARN  [Eureka-PeerNodesUpdater] c.n.eureka.cluster.PeerEurekaNodes[155] - The replica size seems to be empty. Check the route 53 DNS Registry
2025-07-05 16:26:41.887 INFO  [Eureka-EvictionTimer] c.n.e.r.AbstractInstanceRegistry[1250] - Running the evict task with compensationTime 15ms
2025-07-05 16:27:41.892 INFO  [Eureka-EvictionTimer] c.n.e.r.AbstractInstanceRegistry[1250] - Running the evict task with compensationTime 4ms
2025-07-05 16:28:41.906 INFO  [Eureka-EvictionTimer] c.n.e.r.AbstractInstanceRegistry[1250] - Running the evict task with compensationTime 13ms
2025-07-05 16:29:41.906 INFO  [Eureka-EvictionTimer] c.n.e.r.AbstractInstanceRegistry[1250] - Running the evict task with compensationTime 0ms
2025-07-05 16:30:41.916 INFO  [Eureka-EvictionTimer] c.n.e.r.AbstractInstanceRegistry[1250] - Running the evict task with compensationTime 10ms
2025-07-05 16:31:41.308 INFO  [ReplicaAwareInstanceRegistry - RenewalThresholdUpdater] c.n.e.r.PeerAwareInstanceRegistryImpl[539] - Current renewal threshold is : 3
2025-07-05 16:31:41.930 INFO  [Eureka-EvictionTimer] c.n.e.r.AbstractInstanceRegistry[1250] - Running the evict task with compensationTime 13ms
2025-07-05 16:32:41.930 INFO  [Eureka-EvictionTimer] c.n.e.r.AbstractInstanceRegistry[1250] - Running the evict task with compensationTime 0ms
2025-07-05 16:33:41.945 INFO  [Eureka-EvictionTimer] c.n.e.r.AbstractInstanceRegistry[1250] - Running the evict task with compensationTime 14ms
2025-07-05 16:33:56.258 INFO  [http-nio-8001-exec-8] c.n.e.r.AbstractInstanceRegistry[266] - Registered instance COLD-USER/DESKTOP-THE2ARB:cold-user:8185 with status DOWN (replication=false)
2025-07-05 16:33:59.288 INFO  [http-nio-8001-exec-6] c.n.e.r.AbstractInstanceRegistry[330] - Cancelled instance COLD-USER/DESKTOP-THE2ARB:cold-user:8185 (replication=false)
2025-07-05 16:34:10.646 INFO  [http-nio-8001-exec-3] c.n.e.r.AbstractInstanceRegistry[266] - Registered instance COLD-USER/DESKTOP-THE2ARB:cold-user:8185 with status UP (replication=false)
2025-07-05 16:34:41.947 INFO  [Eureka-EvictionTimer] c.n.e.r.AbstractInstanceRegistry[1250] - Running the evict task with compensationTime 1ms
2025-07-05 16:35:24.336 INFO  [http-nio-8001-exec-8] c.n.e.r.AbstractInstanceRegistry[266] - Registered instance COLD-USER/DESKTOP-THE2ARB:cold-user:8185 with status DOWN (replication=false)
2025-07-05 16:35:27.364 INFO  [http-nio-8001-exec-6] c.n.e.r.AbstractInstanceRegistry[330] - Cancelled instance COLD-USER/DESKTOP-THE2ARB:cold-user:8185 (replication=false)
2025-07-05 16:35:35.590 INFO  [http-nio-8001-exec-3] c.n.e.r.AbstractInstanceRegistry[266] - Registered instance COLD-USER/DESKTOP-THE2ARB:cold-user:8185 with status UP (replication=false)
2025-07-05 16:35:41.951 INFO  [Eureka-EvictionTimer] c.n.e.r.AbstractInstanceRegistry[1250] - Running the evict task with compensationTime 4ms
2025-07-05 16:35:42.246 INFO  [http-nio-8001-exec-5] c.n.e.r.AbstractInstanceRegistry[266] - Registered instance COLD-USER/DESKTOP-THE2ARB:cold-user:8185 with status DOWN (replication=false)
2025-07-05 16:35:45.287 INFO  [http-nio-8001-exec-4] c.n.e.r.AbstractInstanceRegistry[330] - Cancelled instance COLD-USER/DESKTOP-THE2ARB:cold-user:8185 (replication=false)
2025-07-05 16:35:53.873 INFO  [http-nio-8001-exec-8] c.n.e.r.AbstractInstanceRegistry[266] - Registered instance COLD-USER/DESKTOP-THE2ARB:cold-user:8185 with status UP (replication=false)
2025-07-05 16:36:41.308 WARN  [Eureka-PeerNodesUpdater] c.n.eureka.cluster.PeerEurekaNodes[155] - The replica size seems to be empty. Check the route 53 DNS Registry
2025-07-05 16:36:41.957 INFO  [Eureka-EvictionTimer] c.n.e.r.AbstractInstanceRegistry[1250] - Running the evict task with compensationTime 5ms
2025-07-05 16:37:17.450 INFO  [http-nio-8001-exec-3] c.n.e.r.AbstractInstanceRegistry[266] - Registered instance COLD-USER/DESKTOP-THE2ARB:cold-user:8185 with status DOWN (replication=false)
2025-07-05 16:37:20.479 INFO  [http-nio-8001-exec-5] c.n.e.r.AbstractInstanceRegistry[330] - Cancelled instance COLD-USER/DESKTOP-THE2ARB:cold-user:8185 (replication=false)
2025-07-05 16:37:28.298 INFO  [http-nio-8001-exec-8] c.n.e.r.AbstractInstanceRegistry[266] - Registered instance COLD-USER/DESKTOP-THE2ARB:cold-user:8185 with status UP (replication=false)
2025-07-05 16:37:41.957 INFO  [Eureka-EvictionTimer] c.n.e.r.AbstractInstanceRegistry[1250] - Running the evict task with compensationTime 0ms
2025-07-05 16:38:41.969 INFO  [Eureka-EvictionTimer] c.n.e.r.AbstractInstanceRegistry[1250] - Running the evict task with compensationTime 11ms
2025-07-05 16:39:19.769 INFO  [http-nio-8001-exec-9] c.n.e.r.AbstractInstanceRegistry[266] - Registered instance COLD-USER/DESKTOP-THE2ARB:cold-user:8185 with status DOWN (replication=false)
2025-07-05 16:39:22.821 INFO  [http-nio-8001-exec-4] c.n.e.r.AbstractInstanceRegistry[330] - Cancelled instance COLD-USER/DESKTOP-THE2ARB:cold-user:8185 (replication=false)
2025-07-05 16:39:32.841 INFO  [http-nio-8001-exec-10] c.n.e.r.AbstractInstanceRegistry[266] - Registered instance COLD-USER/DESKTOP-THE2ARB:cold-user:8185 with status UP (replication=false)
2025-07-05 16:39:41.977 INFO  [Eureka-EvictionTimer] c.n.e.r.AbstractInstanceRegistry[1250] - Running the evict task with compensationTime 8ms
2025-07-05 16:40:41.991 INFO  [Eureka-EvictionTimer] c.n.e.r.AbstractInstanceRegistry[1250] - Running the evict task with compensationTime 13ms
